cells: [(48, 0), (49, 0), (50, 0), (51, 0)] 1 False
cells: [(48, 0), (49, 0), (50, 0), (50, 1)] 1 False
cells: [(48, 0), (49, 0), (49, 1), (50, 1)] 1 False
cells: [(48, 0), (48, 1), (49, 1), (50, 1)] 1 False
cells: [(47, 1), (48, 1), (49, 1), (50, 1)] 1 False
cells: [(47, 2), (48, 2), (49, 2), (50, 2)] 1 True
cells: [(47, 3), (48, 3), (49, 3), (50, 3)] 1 True
cells: [(47, 4), (48, 4), (49, 4), (50, 4)] 1 True
cells: [(47, 5), (48, 5), (49, 5), (50, 5)] 1 True
cells: [(47, 6), (48, 6), (49, 6), (50, 6)] 1 True
cells: [(47, 7), (48, 7), (49, 7), (50, 7)] 1 True
cells: [(47, 8), (48, 8), (49, 8), (50, 8)] 1 True
cells: [(47, 9), (48, 9), (49, 9), (50, 9)] 1 True
cells: [(47, 10), (48, 10), (49, 10), (50, 10)] 1 True
cells: [(47, 11), (48, 11), (49, 11), (50, 11)] 1 True
cells: [(47, 12), (48, 12), (49, 12), (50, 12)] 1 True
cells: [(47, 13), (48, 13), (49, 13), (50, 13)] 1 True
cells: [(47, 14), (48, 14), (49, 14), (50, 14)] 1 True
cells: [(47, 15), (48, 15), (49, 15), (50, 15)] 1 True
cells: [(47, 16), (48, 16), (49, 16), (50, 16)] 1 True
cells: [(47, 16), (48, 16), (49, 16), (49, 17)] 1 False
cells: [(47, 16), (48, 16), (48, 17), (49, 17)] 1 False
cells: [(47, 16), (47, 17), (48, 17), (49, 17)] 1 False
cells: [(46, 17), (47, 17), (48, 17), (49, 17)] 1 False
cells: [(46, 17), (47, 17), (48, 17), (48, 18)] 1 False
cells: [(46, 17), (47, 17), (47, 18), (48, 18)] 1 False
cells: [(46, 17), (46, 18), (47, 18), (48, 18)] 1 False
cells: [(45, 18), (46, 18), (47, 18), (48, 18)] 1 False
cells: [(45, 18), (46, 18), (47, 18), (47, 19)] 1 False
cells: [(45, 18), (46, 18), (46, 19), (47, 19)] 1 False
cells: [(45, 18), (45, 19), (46, 19), (47, 19)] 1 False
cells: [(44, 19), (45, 19), (46, 19), (47, 19)] 1 False
cells: [(44, 19), (45, 19), (46, 19), (46, 20)] 1 False
cells: [(44, 19), (45, 19), (45, 20), (46, 20)] 1 False
cells: [(44, 19), (45, 19), (45, 20), (45, 21)] 1 False
cells: [(44, 19), (44, 20), (45, 20), (45, 21)] 1 False
cells: [(44, 19), (44, 20), (44, 21), (45, 21)] 1 False
cells: [(44, 19), (44, 20), (44, 21), (44, 22)] 1 True
cells: [(43, 19), (43, 20), (43, 21), (43, 22)] 1 True
cells: [(42, 19), (42, 20), (42, 21), (42, 22)] 1 True
cells: [(41, 19), (41, 20), (41, 21), (41, 22)] 1 True
cells: [(40, 19), (40, 20), (40, 21), (40, 22)] 1 True
cells: [(39, 19), (39, 20), (39, 21), (39, 22)] 1 True
cells: [(38, 19), (38, 20), (38, 21), (38, 22)] 1 True
cells: [(37, 19), (37, 20), (37, 21), (37, 22)] 1 True
cells: [(36, 19), (36, 20), (36, 21), (36, 22)] 1 True
cells: [(35, 19), (35, 20), (35, 21), (35, 22)] 1 True
cells: [(34, 20), (35, 20), (35, 21), (35, 22)] 1 False
cells: [(34, 20), (34, 21), (35, 21), (35, 22)] 1 False
cells: [(33, 21), (34, 21), (35, 21), (35, 22)] 1 False
cells: [(33, 21), (34, 21), (34, 22), (35, 22)] 1 False
cells: [(33, 21), (33, 22), (34, 22), (35, 22)] 1 False
cells: [(32, 22), (33, 22), (34, 22), (35, 22)] 1 False
cells: [(32, 22), (33, 22), (34, 22), (34, 23)] 1 False
cells: [(32, 22), (33, 22), (33, 23), (34, 23)] 1 False
cells: [(32, 22), (32, 23), (33, 23), (34, 23)] 1 False
cells: [(31, 23), (32, 23), (33, 23), (34, 23)] 1 False
cells: [(31, 23), (32, 23), (33, 23), (33, 24)] 1 False
cells: [(31, 23), (32, 23), (32, 24), (33, 24)] 1 False
cells: [(31, 23), (31, 24), (32, 24), (33, 24)] 1 False
cells: [(30, 24), (31, 24), (32, 24), (33, 24)] 1 False
cells: [(30, 24), (31, 24), (32, 24), (32, 25)] 1 False
cells: [(30, 24), (31, 24), (31, 25), (32, 25)] 1 False
cells: [(30, 24), (30, 25), (31, 25), (32, 25)] 1 False
cells: [(29, 25), (30, 25), (31, 25), (32, 25)] 1 False
cells: [(29, 25), (30, 25), (31, 25), (31, 26)] 1 False
cells: [(29, 25), (30, 25), (30, 26), (31, 26)] 1 False
cells: [(29, 25), (29, 26), (30, 26), (31, 26)] 1 False
cells: [(28, 26), (29, 26), (30, 26), (31, 26)] 1 False
cells: [(28, 26), (29, 26), (30, 26), (30, 27)] 1 False
cells: [(28, 26), (29, 26), (29, 27), (30, 27)] 1 False
cells: [(28, 26), (28, 27), (29, 27), (30, 27)] 1 False
cells: [(27, 27), (28, 27), (29, 27), (30, 27)] 1 False
cells: [(27, 27), (28, 27), (29, 27), (29, 28)] 1 False
cells: [(27, 27), (28, 27), (28, 28), (29, 28)] 1 False
cells: [(27, 27), (27, 28), (28, 28), (29, 28)] 1 False
cells: [(26, 28), (27, 28), (28, 28), (29, 28)] 1 False
cells: [(26, 28), (27, 28), (28, 28), (28, 29)] 1 False
cells: [(26, 28), (27, 28), (27, 29), (28, 29)] 1 False
cells: [(26, 28), (26, 29), (27, 29), (28, 29)] 1 False
cells: [(25, 29), (26, 29), (27, 29), (28, 29)] 1 False
cells: [(25, 29), (26, 29), (27, 29), (27, 30)] 1 False
cells: [(25, 29), (26, 29), (26, 30), (27, 30)] 1 False
cells: [(25, 29), (25, 30), (26, 30), (27, 30)] 1 False
cells: [(24, 30), (25, 30), (26, 30), (27, 30)] 1 False
cells: [(24, 30), (25, 30), (26, 30), (26, 31)] 1 False
cells: [(24, 30), (25, 30), (25, 31), (26, 31)] 1 False
cells: [(24, 30), (24, 31), (25, 31), (26, 31)] 1 False
cells: [(23, 31), (24, 31), (25, 31), (26, 31)] 1 False
cells: [(23, 31), (24, 31), (25, 31), (25, 32)] 1 False
cells: [(23, 31), (24, 31), (24, 32), (25, 32)] 1 False
cells: [(23, 31), (23, 32), (24, 32), (25, 32)] 1 False
cells: [(22, 32), (23, 32), (24, 32), (25, 32)] 1 False
cells: [(22, 32), (23, 32), (24, 32), (24, 33)] 1 False
cells: [(22, 32), (23, 32), (23, 33), (24, 33)] 1 False
cells: [(22, 32), (22, 33), (23, 33), (24, 33)] 1 False
cells: [(21, 33), (22, 33), (23, 33), (24, 33)] 1 False
cells: [(21, 33), (22, 33), (23, 33), (23, 34)] 1 False
cells: [(21, 33), (22, 33), (22, 34), (23, 34)] 1 False
cells: [(21, 33), (21, 34), (22, 34), (23, 34)] 1 False
cells: [(20, 34), (21, 34), (22, 34), (23, 34)] 1 False
cells: [(20, 34), (21, 34), (22, 34), (22, 35)] 1 False
cells: [(20, 34), (21, 34), (21, 35), (22, 35)] 1 False
cells: [(20, 34), (20, 35), (21, 35), (22, 35)] 1 False
cells: [(19, 35), (20, 35), (21, 35), (22, 35)] 1 False
cells: [(19, 35), (20, 35), (21, 35), (21, 36)] 1 False
cells: [(19, 35), (20, 35), (20, 36), (21, 36)] 1 False
cells: [(19, 35), (19, 36), (20, 36), (21, 36)] 1 False
cells: [(18, 36), (19, 36), (20, 36), (21, 36)] 1 False
cells: [(18, 36), (19, 36), (20, 36), (20, 37)] 1 False
cells: [(18, 36), (19, 36), (19, 37), (20, 37)] 1 False
cells: [(18, 36), (18, 37), (19, 37), (20, 37)] 1 False
cells: [(17, 37), (18, 37), (19, 37), (20, 37)] 1 False
cells: [(17, 37), (18, 37), (19, 37), (19, 38)] 1 False
cells: [(17, 37), (18, 37), (18, 38), (19, 38)] 1 False
cells: [(17, 37), (17, 38), (18, 38), (19, 38)] 1 False
cells: [(16, 38), (17, 38), (18, 38), (19, 38)] 1 False
cells: [(16, 39), (17, 39), (18, 39), (19, 39)] 1 True
cells: [(16, 40), (17, 40), (18, 40), (19, 40)] 1 True
cells: [(16, 41), (17, 41), (18, 41), (19, 41)] 1 True
cells: [(16, 42), (17, 42), (18, 42), (19, 42)] 1 True
cells: [(16, 43), (17, 43), (18, 43), (19, 43)] 1 True
cells: [(16, 43), (17, 43), (18, 43), (18, 44)] 1 False
cells: [(16, 43), (17, 43), (17, 44), (18, 44)] 1 False
cells: [(16, 43), (16, 44), (17, 44), (18, 44)] 1 False
cells: [(15, 44), (16, 44), (17, 44), (18, 44)] 1 False
cells: [(15, 44), (16, 44), (17, 44), (17, 45)] 1 False
cells: [(15, 44), (16, 44), (16, 45), (17, 45)] 1 False
cells: [(15, 44), (15, 45), (16, 45), (17, 45)] 1 False
cells: [(14, 45), (15, 45), (16, 45), (17, 45)] 1 False
cells: [(14, 45), (15, 45), (16, 45), (16, 46)] 1 False
cells: [(14, 45), (15, 45), (15, 46), (16, 46)] 1 False
cells: [(14, 45), (14, 46), (15, 46), (16, 46)] 1 False
cells: [(13, 46), (14, 46), (15, 46), (16, 46)] 1 False
cells: [(13, 46), (14, 46), (15, 46), (15, 47)] 1 False
cells: [(13, 46), (14, 46), (14, 47), (15, 47)] 1 False
cells: [(13, 46), (14, 46), (14, 47), (14, 48)] 1 False
cells: [(13, 46), (13, 47), (14, 47), (14, 48)] 1 False
cells: [(13, 46), (13, 47), (13, 48), (14, 48)] 1 False
cells: [(13, 46), (13, 47), (13, 48), (13, 49)] 1 True
cells: [(12, 48), (13, 46), (13, 47), (13, 48)] 1 False
cells: [(12, 47), (12, 48), (13, 46), (13, 47)] 1 False
cells: [(12, 46), (12, 47), (12, 48), (13, 46)] 1 False
cells: [(11, 47), (12, 46), (12, 47), (13, 46)] -1 False
cells: [(11, 46), (11, 47), (12, 46), (13, 46)] -1 False
cells: [(10, 46), (11, 46), (12, 46), (13, 46)] -1 False
cells: [(48, 0), (49, 0), (50, 0), (51, 0)] 1 False
cells: [(48, 0), (49, 0), (50, 0), (50, 1)] 1 False
cells: [(48, 0), (49, 0), (49, 1), (50, 1)] 1 False
cells: [(48, 0), (48, 1), (49, 1), (50, 1)] 1 False
cells: [(47, 1), (48, 1), (49, 1), (50, 1)] 1 False
cells: [(47, 2), (48, 2), (49, 2), (50, 2)] 1 True
cells: [(47, 3), (48, 3), (49, 3), (50, 3)] 1 True
cells: [(47, 4), (48, 4), (49, 4), (50, 4)] 1 True
cells: [(47, 5), (48, 5), (49, 5), (50, 5)] 1 True
cells: [(47, 6), (48, 6), (49, 6), (50, 6)] 1 True
cells: [(47, 7), (48, 7), (49, 7), (50, 7)] 1 True
cells: [(47, 8), (48, 8), (49, 8), (50, 8)] 1 True
cells: [(47, 9), (48, 9), (49, 9), (50, 9)] 1 True
cells: [(47, 10), (48, 10), (49, 10), (50, 10)] 1 True
cells: [(47, 11), (48, 11), (49, 11), (50, 11)] 1 True
cells: [(47, 12), (48, 12), (49, 12), (50, 12)] 1 True
cells: [(47, 13), (48, 13), (49, 13), (50, 13)] 1 True
cells: [(47, 14), (48, 14), (49, 14), (50, 14)] 1 True
cells: [(47, 15), (48, 15), (49, 15), (50, 15)] 1 True
cells: [(47, 16), (48, 16), (49, 16), (50, 16)] 1 True
cells: [(47, 16), (48, 16), (49, 16), (49, 17)] 1 False
cells: [(47, 16), (48, 16), (48, 17), (49, 17)] 1 False
cells: [(47, 16), (47, 17), (48, 17), (49, 17)] 1 False
cells: [(46, 17), (47, 17), (48, 17), (49, 17)] 1 False
cells: [(46, 17), (47, 17), (48, 17), (48, 18)] 1 False
cells: [(46, 17), (47, 17), (47, 18), (48, 18)] 1 False
cells: [(46, 17), (46, 18), (47, 18), (48, 18)] 1 False
cells: [(45, 18), (46, 18), (47, 18), (48, 18)] 1 False
cells: [(45, 18), (46, 18), (47, 18), (47, 19)] 1 False
cells: [(45, 18), (46, 18), (46, 19), (47, 19)] 1 False
cells: [(45, 18), (45, 19), (46, 19), (47, 19)] 1 False
cells: [(44, 19), (45, 19), (46, 19), (47, 19)] 1 False
cells: [(44, 19), (45, 19), (46, 19), (46, 20)] 1 False
cells: [(44, 19), (45, 19), (45, 20), (46, 20)] 1 False
cells: [(44, 19), (45, 19), (45, 20), (45, 21)] 1 False
cells: [(44, 19), (44, 20), (45, 20), (45, 21)] 1 False
cells: [(44, 19), (44, 20), (44, 21), (45, 21)] 1 False
cells: [(44, 19), (44, 20), (44, 21), (44, 22)] 1 True
cells: [(43, 19), (43, 20), (43, 21), (43, 22)] 1 True
cells: [(42, 19), (42, 20), (42, 21), (42, 22)] 1 True
cells: [(41, 19), (41, 20), (41, 21), (41, 22)] 1 True
cells: [(40, 19), (40, 20), (40, 21), (40, 22)] 1 True
cells: [(39, 19), (39, 20), (39, 21), (39, 22)] 1 True
cells: [(38, 19), (38, 20), (38, 21), (38, 22)] 1 True
cells: [(37, 19), (37, 20), (37, 21), (37, 22)] 1 True
cells: [(36, 19), (36, 20), (36, 21), (36, 22)] 1 True
cells: [(35, 19), (35, 20), (35, 21), (35, 22)] 1 True
cells: [(34, 20), (35, 20), (35, 21), (35, 22)] 1 False
cells: [(34, 20), (34, 21), (35, 21), (35, 22)] 1 False
cells: [(33, 21), (34, 21), (35, 21), (35, 22)] 1 False
cells: [(33, 21), (34, 21), (34, 22), (35, 22)] 1 False
cells: [(33, 21), (33, 22), (34, 22), (35, 22)] 1 False
cells: [(32, 22), (33, 22), (34, 22), (35, 22)] 1 False
cells: [(32, 22), (33, 22), (34, 22), (34, 23)] 1 False
cells: [(32, 22), (33, 22), (33, 23), (34, 23)] 1 False
cells: [(32, 22), (32, 23), (33, 23), (34, 23)] 1 False
cells: [(31, 23), (32, 23), (33, 23), (34, 23)] 1 False
cells: [(31, 23), (32, 23), (33, 23), (33, 24)] 1 False
cells: [(31, 23), (32, 23), (32, 24), (33, 24)] 1 False
cells: [(31, 23), (31, 24), (32, 24), (33, 24)] 1 False
cells: [(30, 24), (31, 24), (32, 24), (33, 24)] 1 False
cells: [(30, 24), (31, 24), (32, 24), (32, 25)] 1 False
cells: [(30, 24), (31, 24), (31, 25), (32, 25)] 1 False
cells: [(30, 24), (30, 25), (31, 25), (32, 25)] 1 False
cells: [(29, 25), (30, 25), (31, 25), (32, 25)] 1 False
cells: [(29, 25), (30, 25), (31, 25), (31, 26)] 1 False
cells: [(29, 25), (30, 25), (30, 26), (31, 26)] 1 False
cells: [(29, 25), (29, 26), (30, 26), (31, 26)] 1 False
cells: [(28, 26), (29, 26), (30, 26), (31, 26)] 1 False
cells: [(28, 26), (29, 26), (30, 26), (30, 27)] 1 False
cells: [(28, 26), (29, 26), (29, 27), (30, 27)] 1 False
cells: [(28, 26), (28, 27), (29, 27), (30, 27)] 1 False
cells: [(27, 27), (28, 27), (29, 27), (30, 27)] 1 False
cells: [(27, 27), (28, 27), (29, 27), (29, 28)] 1 False
cells: [(27, 27), (28, 27), (28, 28), (29, 28)] 1 False
cells: [(27, 27), (27, 28), (28, 28), (29, 28)] 1 False
cells: [(26, 28), (27, 28), (28, 28), (29, 28)] 1 False
cells: [(26, 28), (27, 28), (28, 28), (28, 29)] 1 False
cells: [(26, 28), (27, 28), (27, 29), (28, 29)] 1 False
cells: [(26, 28), (26, 29), (27, 29), (28, 29)] 1 False
cells: [(25, 29), (26, 29), (27, 29), (28, 29)] 1 False
cells: [(25, 29), (26, 29), (27, 29), (27, 30)] 1 False
cells: [(25, 29), (26, 29), (26, 30), (27, 30)] 1 False
cells: [(25, 29), (25, 30), (26, 30), (27, 30)] 1 False
cells: [(24, 30), (25, 30), (26, 30), (27, 30)] 1 False
cells: [(24, 30), (25, 30), (26, 30), (26, 31)] 1 False
cells: [(24, 30), (25, 30), (25, 31), (26, 31)] 1 False
cells: [(24, 30), (24, 31), (25, 31), (26, 31)] 1 False
cells: [(23, 31), (24, 31), (25, 31), (26, 31)] 1 False
cells: [(23, 31), (24, 31), (25, 31), (25, 32)] 1 False
cells: [(23, 31), (24, 31), (24, 32), (25, 32)] 1 False
cells: [(23, 31), (23, 32), (24, 32), (25, 32)] 1 False
cells: [(22, 32), (23, 32), (24, 32), (25, 32)] 1 False
cells: [(22, 33), (23, 33), (24, 33), (25, 33)] 1 True
cells: [(22, 34), (23, 34), (24, 34), (25, 34)] 1 True
cells: [(22, 35), (23, 35), (24, 35), (25, 35)] 1 True
cells: [(22, 36), (23, 36), (24, 36), (25, 36)] 1 True
cells: [(22, 37), (23, 37), (24, 37), (25, 37)] 1 True
cells: [(22, 38), (23, 38), (24, 38), (25, 38)] 1 True
cells: [(22, 39), (23, 39), (24, 39), (25, 39)] 1 True
cells: [(22, 40), (23, 40), (24, 40), (25, 40)] 1 True
cells: [(22, 41), (23, 41), (24, 41), (25, 41)] 1 True
cells: [(22, 42), (23, 42), (24, 42), (25, 42)] 1 True
cells: [(22, 43), (23, 43), (24, 43), (25, 43)] 1 True
cells: [(22, 44), (23, 44), (24, 44), (25, 44)] 1 True
cells: [(22, 45), (23, 45), (24, 45), (25, 45)] 1 True
cells: [(22, 46), (23, 46), (24, 46), (25, 46)] 1 True
cells: [(22, 47), (23, 47), (24, 47), (25, 47)] 1 True
cells: [(22, 48), (23, 48), (24, 48), (25, 48)] 1 True
cells: [(22, 49), (23, 49), (24, 49), (25, 49)] 1 True
cells: [(22, 50), (23, 50), (24, 50), (25, 50)] 1 True
cells: [(22, 51), (23, 51), (24, 51), (25, 51)] 1 True
cells: [(22, 52), (23, 52), (24, 52), (25, 52)] 1 True
cells: [(22, 53), (23, 53), (24, 53), (25, 53)] 1 True
cells: [(22, 54), (23, 54), (24, 54), (25, 54)] 1 True
cells: [(22, 55), (23, 55), (24, 55), (25, 55)] 1 True
cells: [(22, 56), (23, 56), (24, 56), (25, 56)] 1 True
cells: [(22, 57), (23, 57), (24, 57), (25, 57)] 1 True
cells: [(22, 58), (23, 58), (24, 58), (25, 58)] 1 True
cells: [(22, 59), (23, 59), (24, 59), (25, 59)] 1 True
cells: [(22, 60), (23, 60), (24, 60), (25, 60)] 1 True
cells: [(22, 61), (23, 61), (24, 61), (25, 61)] 1 True
cells: [(22, 62), (23, 62), (24, 62), (25, 62)] 1 True
cells: [(22, 63), (23, 63), (24, 63), (25, 63)] 1 True
cells: [(22, 64), (23, 64), (24, 64), (25, 64)] 1 True
cells: [(22, 65), (23, 65), (24, 65), (25, 65)] 1 True
cells: [(22, 66), (23, 66), (24, 66), (25, 66)] 1 True
cells: [(22, 67), (23, 67), (24, 67), (25, 67)] 1 True
cells: [(22, 68), (23, 68), (24, 68), (25, 68)] 1 True
cells: [(22, 69), (23, 69), (24, 69), (25, 69)] 1 True
cells: [(22, 70), (23, 70), (24, 70), (25, 70)] 1 True
cells: [(22, 71), (23, 71), (24, 71), (25, 71)] 1 True
cells: [(22, 72), (23, 72), (24, 72), (25, 72)] 1 True
cells: [(22, 73), (23, 73), (24, 73), (25, 73)] 1 True
cells: [(22, 74), (23, 74), (24, 74), (25, 74)] 1 True
cells: [(22, 75), (23, 75), (24, 75), (25, 75)] 1 True
cells: [(22, 76), (23, 76), (24, 76), (25, 76)] 1 True
cells: [(22, 77), (23, 77), (24, 77), (25, 77)] 1 True
cells: [(22, 78), (23, 78), (24, 78), (25, 78)] 1 True
cells: [(22, 79), (23, 79), (24, 79), (25, 79)] 1 True
cells: [(22, 80), (23, 80), (24, 80), (25, 80)] 1 True
cells: [(22, 81), (23, 81), (24, 81), (25, 81)] 1 True
cells: [(22, 82), (23, 82), (24, 82), (25, 82)] 1 True
cells: [(22, 83), (23, 83), (24, 83), (25, 83)] 1 True
cells: [(22, 84), (23, 84), (24, 84), (25, 84)] 1 True
cells: [(22, 85), (23, 85), (24, 85), (25, 85)] 1 True
cells: [(22, 86), (23, 86), (24, 86), (25, 86)] 1 True
cells: [(22, 87), (23, 87), (24, 87), (25, 87)] 1 True
cells: [(22, 88), (23, 88), (24, 88), (25, 88)] 1 True
cells: [(22, 89), (23, 89), (24, 89), (25, 89)] 1 True
cells: [(22, 90), (23, 90), (24, 90), (25, 90)] 1 True
cells: [(22, 91), (23, 91), (24, 91), (25, 91)] 1 True
cells: [(22, 92), (23, 92), (24, 92), (25, 92)] 1 True
cells: [(22, 93), (23, 93), (24, 93), (25, 93)] 1 True
cells: [(22, 94), (23, 94), (24, 94), (25, 94)] 1 True
cells: [(22, 95), (23, 95), (24, 95), (25, 95)] 1 True
cells: [(22, 96), (23, 96), (24, 96), (25, 96)] 1 True
cells: [(22, 97), (23, 97), (24, 97), (25, 97)] 1 True
cells: [(22, 98), (23, 98), (24, 98), (25, 98)] 1 True
cells: [(22, 99), (23, 99), (24, 99), (25, 99)] 1 True
cells: [(22, 100), (23, 100), (24, 100), (25, 100)] 1 True
cells: [(23, 100), (23, 101), (24, 100), (25, 100)] 1 False
cells: [(23, 101), (24, 100), (24, 101), (25, 100)] 1 False
cells: [(24, 100), (24, 101), (24, 102), (25, 100)] -1 False
cells: [(24, 101), (24, 102), (25, 100), (25, 101)] -1 False
cells: [(24, 102), (25, 100), (25, 101), (25, 102)] -1 False
cells: [(25, 100), (25, 101), (25, 102), (25, 103)] -1 True
